[2026-04-02 07:30] Updating homepage...
  Pokemon: 17,173 cards | 135 BUY
  Crypto: 21 assets | 0 BUY | FG: 12
  Pushed: ok
Done.
[2026-04-03 07:30] Updating homepage...
  Pokemon: 17,177 cards | 136 BUY
  Crypto: 21 assets | 3 BUY | FG: 9
  Pushed: ok
Done.
[2026-04-04 07:30] Updating homepage...
  Pokemon: 17,177 cards | 136 BUY
  Crypto: 21 assets | 2 BUY | FG: 11
  Pushed: ok
Done.
[2026-04-05 07:30] Updating homepage...
  Pokemon: 17,182 cards | 140 BUY
  Crypto: 21 assets | 2 BUY | FG: 12
  Pushed: ok
Done.
[2026-04-06 07:30] Updating homepage...
  Pokemon: 17,184 cards | 140 BUY
  Crypto: 21 assets | 3 BUY | FG: 13
  Pushed: ok
Done.
